<?xml version="1.0" encoding="UTF-8"?>
<!-- Generated by org.testng.reporters.JUnitReportReporter -->
<testsuite skipped="0" hostname="DESKTOP-JEJ8T8P" name="com.practicetestng.Sample3" tests="3" failures="0" timestamp="12 Jul 2022 14:57:50 GMT" time="23.513" errors="0">
  <testcase name="test03" time="10.265" classname="com.practicetestng.Sample3"/>
  <testcase name="test01" time="6.832" classname="com.practicetestng.Sample3"/>
  <testcase name="test02" time="6.416" classname="com.practicetestng.Sample3"/>
</testsuite> <!-- com.practicetestng.Sample3 -->
