<?xml version="1.0" encoding="UTF-8"?>
<!-- Generated by org.testng.reporters.JUnitReportReporter -->
<testsuite skipped="0" hostname="DESKTOP-JEJ8T8P" name="com.practicetestng.Sample2" tests="3" failures="0" timestamp="12 Jul 2022 14:57:50 GMT" time="23.469" errors="0">
  <testcase name="test02" time="6.247" classname="com.practicetestng.Sample2"/>
  <testcase name="test03" time="10.316" classname="com.practicetestng.Sample2"/>
  <testcase name="test01" time="6.906" classname="com.practicetestng.Sample2"/>
</testsuite> <!-- com.practicetestng.Sample2 -->
