<?xml version="1.0" encoding="UTF-8"?>
<!-- Generated by org.testng.reporters.JUnitReportReporter -->
<testsuite skipped="0" hostname="DESKTOP-JEJ8T8P" name="com.practicetestng.Practice1" tests="2" failures="0" timestamp="12 Jul 2022 16:24:46 GMT" time="10.389" errors="0">
  <testcase name="test01" time="7.252" classname="com.practicetestng.Practice1"/>
  <testcase name="test01" time="3.137" classname="com.practicetestng.Practice1"/>
</testsuite> <!-- com.practicetestng.Practice1 -->
