<?xml version="1.0" encoding="UTF-8"?>
<!-- Generated by org.testng.reporters.JUnitReportReporter -->
<testsuite skipped="0" hostname="DESKTOP-JEJ8T8P" name="com.testng.Sample" tests="2" failures="0" timestamp="12 Jul 2022 04:23:50 GMT" time="15.058" errors="0">
  <testcase name="test01" time="5.815" classname="com.testng.Sample"/>
  <testcase name="test01" time="9.243" classname="com.testng.Sample"/>
</testsuite> <!-- com.testng.Sample -->
